0 info it worked if it ends with ok
1 verbose cli [ '/usr/local/Cellar/node/6.5.0/bin/node',
1 verbose cli   '/usr/local/bin/npm',
1 verbose cli   'version',
1 verbose cli   'patch' ]
2 info using npm@3.10.10
3 info using node@v6.11.2
4 info git [ 'status', '--porcelain' ]
5 verbose stack Error: Git working directory not clean.
5 verbose stack M app.js
5 verbose stack M hapticJS/DerivedData/hapticJS/Logs/Build/Cache.db
5 verbose stack D hapticJS/DerivedData/hapticJS/Logs/Issues/648F7820-9457-4B76-B45E-1FEC0D6D8923.xcactivitylog
5 verbose stack M hapticJS/DerivedData/hapticJS/Logs/Issues/Cache.db
5 verbose stack M hapticJS/DerivedData/hapticJS/info.plist
5 verbose stack M hapticJS/hapticJS.xcodeproj/project.xcworkspace/xcuserdata/thanayik.xcuserdatad/UserInterfaceState.xcuserstate
5 verbose stack M package.json
5 verbose stack     at /usr/local/lib/node_modules/npm/lib/version.js:247:19
5 verbose stack     at /usr/local/lib/node_modules/npm/lib/utils/no-progress-while-running.js:21:8
5 verbose stack     at ChildProcess.exithandler (child_process.js:189:7)
5 verbose stack     at emitTwo (events.js:106:13)
5 verbose stack     at ChildProcess.emit (events.js:191:7)
5 verbose stack     at maybeClose (internal/child_process.js:891:16)
5 verbose stack     at Socket.<anonymous> (internal/child_process.js:342:11)
5 verbose stack     at emitOne (events.js:96:13)
5 verbose stack     at Socket.emit (events.js:188:7)
5 verbose stack     at Pipe._handle.close [as _onclose] (net.js:497:12)
6 verbose cwd /Users/thanayik/hapticJS
7 error Darwin 16.0.0
8 error argv "/usr/local/Cellar/node/6.5.0/bin/node" "/usr/local/bin/npm" "version" "patch"
9 error node v6.11.2
10 error npm  v3.10.10
11 error Git working directory not clean.
11 error M app.js
11 error M hapticJS/DerivedData/hapticJS/Logs/Build/Cache.db
11 error D hapticJS/DerivedData/hapticJS/Logs/Issues/648F7820-9457-4B76-B45E-1FEC0D6D8923.xcactivitylog
11 error M hapticJS/DerivedData/hapticJS/Logs/Issues/Cache.db
11 error M hapticJS/DerivedData/hapticJS/info.plist
11 error M hapticJS/hapticJS.xcodeproj/project.xcworkspace/xcuserdata/thanayik.xcuserdatad/UserInterfaceState.xcuserstate
11 error M package.json
12 error If you need help, you may report this error at:
12 error     <https://github.com/npm/npm/issues>
13 verbose exit [ 1, true ]
